c:\users\fko2347025\desktop\meteorfighters\meteorfighters\x64\release\vc143.pdb
c:\users\fko2347025\desktop\meteorfighters\meteorfighters\x64\release\effectmanager.obj
c:\users\fko2347025\desktop\meteorfighters\meteorfighters\x64\release\effect.obj
c:\users\fko2347025\desktop\meteorfighters\meteorfighters\x64\release\characterstateidle.obj
c:\users\fko2347025\desktop\meteorfighters\meteorfighters\x64\release\characterstatespecialattack.obj
c:\users\fko2347025\desktop\meteorfighters\meteorfighters\x64\release\characterstaterush.obj
c:\users\fko2347025\desktop\meteorfighters\meteorfighters\x64\release\characterstatenormalattack.obj
c:\users\fko2347025\desktop\meteorfighters\meteorfighters\x64\release\characterstatemove.obj
c:\users\fko2347025\desktop\meteorfighters\meteorfighters\x64\release\characterstatejump.obj
c:\users\fko2347025\desktop\meteorfighters\meteorfighters\x64\release\characterstatehitattack.obj
c:\users\fko2347025\desktop\meteorfighters\meteorfighters\x64\release\characterstateguard.obj
c:\users\fko2347025\desktop\meteorfighters\meteorfighters\x64\release\characterstatedash.obj
c:\users\fko2347025\desktop\meteorfighters\meteorfighters\x64\release\characterstatecharge.obj
c:\users\fko2347025\desktop\meteorfighters\meteorfighters\x64\release\characterstatebuttonbashing.obj
c:\users\fko2347025\desktop\meteorfighters\meteorfighters\x64\release\characterstatebase.obj
c:\users\fko2347025\desktop\meteorfighters\meteorfighters\x64\release\character.obj
c:\users\fko2347025\desktop\meteorfighters\meteorfighters\x64\release\battlemanager.obj
c:\users\fko2347025\desktop\meteorfighters\meteorfighters\x64\release\attack.obj
c:\users\fko2347025\desktop\meteorfighters\meteorfighters\x64\release\input.obj
c:\users\fko2347025\desktop\meteorfighters\meteorfighters\x64\release\spherecolliderdata.obj
c:\users\fko2347025\desktop\meteorfighters\meteorfighters\x64\release\rigidbody.obj
c:\users\fko2347025\desktop\meteorfighters\meteorfighters\x64\release\physics.obj
c:\users\fko2347025\desktop\meteorfighters\meteorfighters\x64\release\collidable.obj
c:\users\fko2347025\desktop\meteorfighters\meteorfighters\x64\release\capsulecolliderdata.obj
c:\users\fko2347025\desktop\meteorfighters\meteorfighters\x64\release\matrix.obj
c:\users\fko2347025\desktop\meteorfighters\meteorfighters\x64\release\main.obj
c:\users\fko2347025\desktop\meteorfighters\meteorfighters\x64\release\localpos.obj
c:\users\fko2347025\desktop\meteorfighters\meteorfighters\x64\release\menuui.obj
c:\users\fko2347025\desktop\meteorfighters\meteorfighters\x64\release\loadmanager.obj
c:\users\fko2347025\desktop\meteorfighters\meteorfighters\x64\release\inputdata.obj
c:\users\fko2347025\desktop\meteorfighters\meteorfighters\x64\release\graphmanager.obj
c:\users\fko2347025\desktop\meteorfighters\meteorfighters\x64\release\gamemanagerbase.obj
c:\users\fko2347025\desktop\meteorfighters\meteorfighters\x64\release\gamecamera.obj
c:\users\fko2347025\desktop\meteorfighters\meteorfighters\x64\release\enemyinput.obj
c:\users\fko2347025\desktop\meteorfighters\meteorfighters\x64\release\tutorialui.obj
c:\users\fko2347025\desktop\meteorfighters\meteorfighters\x64\release\tutorialmanager.obj
c:\users\fko2347025\desktop\meteorfighters\meteorfighters\x64\release\titleui.obj
c:\users\fko2347025\desktop\meteorfighters\meteorfighters\x64\release\gameui.obj
c:\users\fko2347025\desktop\meteorfighters\meteorfighters\x64\release\stage.obj
c:\users\fko2347025\desktop\meteorfighters\meteorfighters\x64\release\soundmanager.obj
c:\users\fko2347025\desktop\meteorfighters\meteorfighters\x64\release\statebase.obj
c:\users\fko2347025\desktop\meteorfighters\meteorfighters\x64\release\scenetitle.obj
c:\users\fko2347025\desktop\meteorfighters\meteorfighters\x64\release\sceneselect.obj
c:\users\fko2347025\desktop\meteorfighters\meteorfighters\x64\release\scenemenu.obj
c:\users\fko2347025\desktop\meteorfighters\meteorfighters\x64\release\scenemanager.obj
c:\users\fko2347025\desktop\meteorfighters\meteorfighters\x64\release\scenegame.obj
c:\users\fko2347025\desktop\meteorfighters\meteorfighters\x64\release\scenebase.obj
c:\users\fko2347025\desktop\meteorfighters\meteorfighters\x64\release\scenetutorial.obj
c:\users\fko2347025\desktop\meteorfighters\meteorfighters\x64\release\vector3.obj
c:\users\fko2347025\desktop\meteorfighters\meteorfighters\x64\release\vector2.obj
c:\users\fko2347025\desktop\meteorfighters\meteorfighters\x64\release\loadcsv.obj
c:\users\fko2347025\desktop\meteorfighters\meteorfighters\x64\release\battleui.obj
c:\users\fko2347025\desktop\meteorfighters\meteorfighters\x64\release\menumanager.obj
c:\users\fko2347025\desktop\meteorfighters\meteorfighters\x64\release\characterstatedown.obj
c:\users\fko2347025\desktop\meteorfighters\meteorfighters\x64\release\characterstateteleportation.obj
c:\users\fko2347025\desktop\meteorfighters\meteorfighters\x64\release\selectui.obj
c:\users\fko2347025\desktop\meteorfighters\meteorfighters\x64\release\selectmanager.obj
c:\users\fko2347025\desktop\meteorfighters\meteorfighters\x64\release\rock.obj
c:\users\fko2347025\desktop\meteorfighters\meteorfighters\x64\release\objectbase.obj
c:\users\fko2347025\desktop\meteorfighters\x64\release\meteorfighters.exe
c:\users\fko2347025\desktop\meteorfighters\x64\release\meteorfighters.pdb
c:\users\fko2347025\desktop\meteorfighters\meteorfighters\x64\release\meteorfighters.res
c:\users\fko2347025\desktop\meteorfighters\meteorfighters\x64\release\meteorfighters.ipdb
c:\users\fko2347025\desktop\meteorfighters\meteorfighters\x64\release\meteorfighters.iobj
c:\users\fko2347025\desktop\meteorfighters\meteorfighters\x64\release\meteorfighters.tlog\cl.command.1.tlog
c:\users\fko2347025\desktop\meteorfighters\meteorfighters\x64\release\meteorfighters.tlog\cl.items.tlog
c:\users\fko2347025\desktop\meteorfighters\meteorfighters\x64\release\meteorfighters.tlog\cl.read.1.tlog
c:\users\fko2347025\desktop\meteorfighters\meteorfighters\x64\release\meteorfighters.tlog\cl.write.1.tlog
c:\users\fko2347025\desktop\meteorfighters\meteorfighters\x64\release\meteorfighters.tlog\link.command.1.tlog
c:\users\fko2347025\desktop\meteorfighters\meteorfighters\x64\release\meteorfighters.tlog\link.read.1.tlog
c:\users\fko2347025\desktop\meteorfighters\meteorfighters\x64\release\meteorfighters.tlog\link.secondary.1.tlog
c:\users\fko2347025\desktop\meteorfighters\meteorfighters\x64\release\meteorfighters.tlog\link.write.1.tlog
c:\users\fko2347025\desktop\meteorfighters\meteorfighters\x64\release\meteorfighters.tlog\rc.command.1.tlog
c:\users\fko2347025\desktop\meteorfighters\meteorfighters\x64\release\meteorfighters.tlog\rc.read.1.tlog
c:\users\fko2347025\desktop\meteorfighters\meteorfighters\x64\release\meteorfighters.tlog\rc.write.1.tlog
